<?xml version="1.0" encoding="UTF-8"?>
<testsuite xmlns:xsi="http://www.w3.org/2001/XMLSchema-instance" xsi:noNamespaceSchemaLocation="https://maven.apache.org/surefire/maven-surefire-plugin/xsd/surefire-test-report-3.0.xsd" version="3.0" name="io.github.levyxx.checkpoint.CheckpointManagerTest" time="0.098" tests="8" errors="0" skipped="0" failures="0">
  <properties>
[...]
</properties>
  <testcase name="shouldRejectDuplicateNamedCheckpoint" classname="io.github.levyxx.checkpoint.CheckpointManagerTest" time="0.036"/>
  <testcase name="shouldUpdateExistingNamedCheckpoint" classname="io.github.levyxx.checkpoint.CheckpointManagerTest" time="0.023"/>
  <testcase name="shouldClearSelectionWhenNamedCheckpointRemoved" classname="io.github.levyxx.checkpoint.CheckpointManagerTest" time="0.003"/>
  <testcase name="shouldSelectNamedCheckpoint" classname="io.github.levyxx.checkpoint.CheckpointManagerTest" time="0.001"/>
  <testcase name="shouldHandleNullPlayerId" classname="io.github.levyxx.checkpoint.CheckpointManagerTest" time="0.001"/>
  <testcase name="shouldRejectUpdateForUnknownCheckpoint" classname="io.github.levyxx.checkpoint.CheckpointManagerTest" time="0.002"/>
  <testcase name="shouldClearCheckpoint" classname="io.github.levyxx.checkpoint.CheckpointManagerTest" time="0.002"/>
  <testcase name="shouldReturnStoredQuickCheckpoint" classname="io.github.levyxx.checkpoint.CheckpointManagerTest" time="0.001"/>
</testsuite>